[debug] [2026-07-06T01:01:37.770Z] ----------------------------------------------------------------------
[debug] [2026-07-06T01:01:37.772Z] Command:       /home/moises/.nvm/versions/node/v24.4.1/bin/node /usr/local/bin/firebase deploy --only functions
[debug] [2026-07-06T01:01:37.772Z] CLI Version:   15.22.4
[debug] [2026-07-06T01:01:37.772Z] Platform:      linux
[debug] [2026-07-06T01:01:37.772Z] Node Version:  v24.4.1
[debug] [2026-07-06T01:01:37.772Z] Detected Agent: unknown
[debug] [2026-07-06T01:01:37.773Z] Time:          Sun Jul 05 2026 21:01:37 GMT-0400 (hora estándar de Chile)
[debug] [2026-07-06T01:01:37.773Z] ----------------------------------------------------------------------
[debug] 
[debug] [2026-07-06T01:01:38.541Z] > command requires scopes: ["email","openid","https://www.googleapis.com/auth/cloudplatformprojects.readonly","https://www.googleapis.com/auth/firebase","https://www.googleapis.com/auth/cloud-platform"]
[debug] [2026-07-06T01:01:38.541Z] > authorizing via signed-in user (moises.xiaomi@gmail.com)
[debug] [2026-07-06T01:01:38.541Z] [iam] checking project kitrello for permissions ["cloudfunctions.functions.create","cloudfunctions.functions.delete","cloudfunctions.functions.get","cloudfunctions.functions.list","cloudfunctions.functions.update","cloudfunctions.operations.get","firebase.projects.get"]
[debug] [2026-07-06T01:01:38.542Z] Checked if tokens are valid: true, expires at: 1783300868691
[debug] [2026-07-06T01:01:38.542Z] Checked if tokens are valid: true, expires at: 1783300868691
[debug] [2026-07-06T01:01:38.542Z] >>> [apiv2][query] POST https://cloudresourcemanager.googleapis.com/v1/projects/kitrello:testIamPermissions [none]
[debug] [2026-07-06T01:01:38.543Z] >>> [apiv2][(partial)header] POST https://cloudresourcemanager.googleapis.com/v1/projects/kitrello:testIamPermissions  x-goog-user-project=kitrello
[debug] [2026-07-06T01:01:38.543Z] >>> [apiv2][body] POST https://cloudresourcemanager.googleapis.com/v1/projects/kitrello:testIamPermissions {"permissions":["cloudfunctions.functions.create","cloudfunctions.functions.delete","cloudfunctions.functions.get","cloudfunctions.functions.list","cloudfunctions.functions.update","cloudfunctions.operations.get","firebase.projects.get"]}
[debug] [2026-07-06T01:01:39.468Z] <<< [apiv2][status] POST https://cloudresourcemanager.googleapis.com/v1/projects/kitrello:testIamPermissions 200
[debug] [2026-07-06T01:01:39.468Z] <<< [apiv2][body] POST https://cloudresourcemanager.googleapis.com/v1/projects/kitrello:testIamPermissions {"permissions":["cloudfunctions.functions.create","cloudfunctions.functions.delete","cloudfunctions.functions.get","cloudfunctions.functions.list","cloudfunctions.functions.update","cloudfunctions.operations.get","firebase.projects.get"]}
[debug] [2026-07-06T01:01:39.468Z] Checked if tokens are valid: true, expires at: 1783300868691
[debug] [2026-07-06T01:01:39.468Z] Checked if tokens are valid: true, expires at: 1783300868691
[debug] [2026-07-06T01:01:39.468Z] >>> [apiv2][query] POST https://iam.googleapis.com/v1/projects/kitrello/serviceAccounts/kitrello@appspot.gserviceaccount.com:testIamPermissions [none]
[debug] [2026-07-06T01:01:39.468Z] >>> [apiv2][body] POST https://iam.googleapis.com/v1/projects/kitrello/serviceAccounts/kitrello@appspot.gserviceaccount.com:testIamPermissions {"permissions":["iam.serviceAccounts.actAs"]}
[debug] [2026-07-06T01:01:40.457Z] <<< [apiv2][status] POST https://iam.googleapis.com/v1/projects/kitrello/serviceAccounts/kitrello@appspot.gserviceaccount.com:testIamPermissions 200
[debug] [2026-07-06T01:01:40.458Z] <<< [apiv2][body] POST https://iam.googleapis.com/v1/projects/kitrello/serviceAccounts/kitrello@appspot.gserviceaccount.com:testIamPermissions {"permissions":["iam.serviceAccounts.actAs"]}
[info] 
[info] === Deploying to 'kitrello'...
[info] 
[info] i  deploying functions 
[debug] [2026-07-06T01:01:40.463Z] Checked if tokens are valid: true, expires at: 1783300868691
[debug] [2026-07-06T01:01:40.463Z] Checked if tokens are valid: true, expires at: 1783300868691
[debug] [2026-07-06T01:01:40.463Z] >>> [apiv2][query] GET https://cloudresourcemanager.googleapis.com/v1/projects/kitrello [none]
[debug] [2026-07-06T01:01:40.779Z] <<< [apiv2][status] GET https://cloudresourcemanager.googleapis.com/v1/projects/kitrello 200
[debug] [2026-07-06T01:01:40.779Z] <<< [apiv2][body] GET https://cloudresourcemanager.googleapis.com/v1/projects/kitrello {"projectNumber":"735406023118","projectId":"kitrello","lifecycleState":"ACTIVE","name":"kitrello","labels":{"firebase":"enabled","firebase-core":"disabled"},"createTime":"2026-07-02T20:47:46.955Z"}
[info] i  functions: preparing codebase default for deployment 
[info] i  functions: ensuring required API cloudfunctions.googleapis.com is enabled... 
[info] i  functions: ensuring required API cloudbuild.googleapis.com is enabled... 
[info] i  artifactregistry: ensuring required API artifactregistry.googleapis.com is enabled... 
[debug] [2026-07-06T01:01:40.780Z] Checked if tokens are valid: true, expires at: 1783300868691
[debug] [2026-07-06T01:01:40.780Z] Checked if tokens are valid: true, expires at: 1783300868691
[debug] [2026-07-06T01:01:40.780Z] >>> [apiv2][query] GET https://firebase.googleapis.com/v1beta1/projects/kitrello/adminSdkConfig [none]
[debug] [2026-07-06T01:01:41.188Z] <<< [apiv2][status] GET https://firebase.googleapis.com/v1beta1/projects/kitrello/adminSdkConfig 200
[debug] [2026-07-06T01:01:41.188Z] <<< [apiv2][body] GET https://firebase.googleapis.com/v1beta1/projects/kitrello/adminSdkConfig {"projectId":"kitrello","databaseURL":"https://kitrello-default-rtdb.firebaseio.com","storageBucket":"kitrello.firebasestorage.app"}
[debug] [2026-07-06T01:01:41.189Z] Checked if tokens are valid: true, expires at: 1783300868691
[debug] [2026-07-06T01:01:41.189Z] Checked if tokens are valid: true, expires at: 1783300868691
[debug] [2026-07-06T01:01:41.189Z] >>> [apiv2][query] GET https://runtimeconfig.googleapis.com/v1beta1/projects/kitrello/configs [none]
[debug] [2026-07-06T01:01:42.286Z] <<< [apiv2][status] GET https://runtimeconfig.googleapis.com/v1beta1/projects/kitrello/configs 200
[debug] [2026-07-06T01:01:42.286Z] <<< [apiv2][body] GET https://runtimeconfig.googleapis.com/v1beta1/projects/kitrello/configs {}
[debug] [2026-07-06T01:01:42.287Z] Validating nodejs source
[warn] ⚠  functions: Runtime Node.js 20 was deprecated on 2026-04-30 and will be decommissioned on 2026-10-30, after which you will not be able to deploy without upgrading. Consider upgrading now to avoid disruption. See https://cloud.google.com/functions/docs/runtime-support for full details on the lifecycle policy 
[warn] ⚠  functions: package.json indicates an outdated version of firebase-functions. Please upgrade using npm install --save firebase-functions@latest in your functions directory. 
[warn] ⚠  functions: Please note that there will be breaking changes when you upgrade. 
[debug] [2026-07-06T01:01:42.633Z] > [functions] package.json contents: {
  "name": "kitrello-functions",
  "private": true,
  "main": "index.js",
  "engines": {
    "node": "20"
  },
  "scripts": {
    "serve": "firebase emulators:start --only functions,firestore",
    "deploy": "firebase deploy --only functions"
  },
  "dependencies": {
    "firebase-admin": "^12.7.0",
    "firebase-functions": "^5.1.1"
  }
}
[debug] [2026-07-06T01:01:42.633Z] Building nodejs source
[info] i  functions: Loading and analyzing source code for codebase default to determine what to deploy 
[debug] [2026-07-06T01:01:42.634Z] Could not find functions.yaml. Must use http discovery
[debug] [2026-07-06T01:01:42.637Z] Found firebase-functions binary at '/home/moises/Documentos/GitHub/kitrello/functions/node_modules/.bin/firebase-functions'
[info] Serving at port 8689

[debug] [2026-07-06T01:01:42.797Z] Got response from /__/functions.yaml {"endpoints":{"onTareaFinalized":{"availableMemoryMb":null,"timeoutSeconds":null,"minInstances":null,"maxInstances":null,"ingressSettings":null,"concurrency":null,"serviceAccountEmail":null,"vpc":null,"platform":"gcfv2","secretEnvironmentVariables":[{"key":"NOTIFICATION_WEBHOOK_URL"},{"key":"NOTIFICATION_WEBHOOK_SECRET"}],"labels":{},"eventTrigger":{"eventType":"google.cloud.firestore.document.v1.written","eventFilters":{"database":"(default)","namespace":"(default)"},"eventFilterPathPatterns":{"document":"boards/{boardId}/lists/{listId}/tareas/{tareaId}"},"retry":false},"entryPoint":"onTareaFinalized"}},"specVersion":"v1alpha1","requiredAPIs":[],"extensions":{},"params":[{"type":"secret","name":"NOTIFICATION_WEBHOOK_URL"},{"type":"secret","name":"NOTIFICATION_WEBHOOK_SECRET"}]}
[debug] [2026-07-06T01:01:46.830Z] Checked if tokens are valid: true, expires at: 1783300868691
[debug] [2026-07-06T01:01:46.830Z] Checked if tokens are valid: true, expires at: 1783300868691
[debug] [2026-07-06T01:01:46.831Z] >>> [apiv2][query] GET https://cloudfunctions.googleapis.com/v1/projects/kitrello/locations/-/functions [none]
[debug] [2026-07-06T01:01:47.800Z] <<< [apiv2][status] GET https://cloudfunctions.googleapis.com/v1/projects/kitrello/locations/-/functions 200
[debug] [2026-07-06T01:01:47.800Z] <<< [apiv2][body] GET https://cloudfunctions.googleapis.com/v1/projects/kitrello/locations/-/functions {}
[debug] [2026-07-06T01:01:47.801Z] Checked if tokens are valid: true, expires at: 1783300868691
[debug] [2026-07-06T01:01:47.801Z] Checked if tokens are valid: true, expires at: 1783300868691
[debug] [2026-07-06T01:01:47.801Z] >>> [apiv2][query] GET https://cloudfunctions.googleapis.com/v2/projects/kitrello/locations/-/functions filter=environment%3D%22GEN_2%22
[debug] [2026-07-06T01:01:49.075Z] <<< [apiv2][status] GET https://cloudfunctions.googleapis.com/v2/projects/kitrello/locations/-/functions 200
[debug] [2026-07-06T01:01:49.075Z] <<< [apiv2][body] GET https://cloudfunctions.googleapis.com/v2/projects/kitrello/locations/-/functions {"functions":[{"name":"projects/kitrello/locations/us-central1/functions/onTareaNotification","buildConfig":{"build":"projects/735406023118/locations/us-central1/builds/a579f38f-0bc1-4b91-ac7c-9b0883cb4ea2","runtime":"nodejs20","entryPoint":"onTareaNotification","source":{"storageSource":{"bucket":"gcf-v2-sources-735406023118-us-central1","object":"onTareaNotification/function-source.zip","generation":"1783296221369345"}},"environmentVariables":{"GOOGLE_NODE_RUN_SCRIPTS":""},"dockerRepository":"projects/kitrello/locations/us-central1/repositories/gcf-artifacts","sourceProvenance":{"resolvedStorageSource":{"bucket":"gcf-v2-sources-735406023118-us-central1","object":"onTareaNotification/function-source.zip","generation":"1783296221369345"}},"dockerRegistry":"ARTIFACT_REGISTRY","serviceAccount":"projects/kitrello/serviceAccounts/735406023118-compute@developer.gserviceaccount.com","automaticUpdatePolicy":{}},"serviceConfig":{"service":"projects/kitrello/locations/us-central1/services/ontareanotification","timeoutSeconds":60,"environmentVariables":{"FIREBASE_CONFIG":"{\"projectId\":\"kitrello\",\"databaseURL\":\"https://kitrello-default-rtdb.firebaseio.com\",\"storageBucket\":\"kitrello.firebasestorage.app\"}","GCLOUD_PROJECT":"kitrello","EVENTARC_CLOUD_EVENT_SOURCE":"projects/kitrello/locations/us-central1/services/onTareaNotification","FUNCTION_SIGNATURE_TYPE":"cloudevent","FUNCTION_TARGET":"onTareaNotification","LOG_EXECUTION_ID":"true"},"maxInstanceCount":20,"ingressSettings":"ALLOW_ALL","uri":"https://ontareanotification-h5nnyhq22a-uc.a.run.app","serviceAccountEmail":"735406023118-compute@developer.gserviceaccount.com","availableMemory":"256Mi","allTrafficOnLatestRevision":true,"secretEnvironmentVariables":[{"key":"NOTIFICATION_WEBHOOK_URL","projectId":"kitrello","secret":"NOTIFICATION_WEBHOOK_URL","version":"1"},{"key":"NOTIFICATION_WEBHOOK_SECRET","projectId":"kitrello","secret":"NOTIFICATION_WEBHOOK_SECRET","version":"1"}],"revision":"ontareanotification-00008-zoz","maxInstanceRequestConcurrency":80,"availableCpu":"1"},"eventTrigger":{"trigger":"projects/kitrello/locations/nam5/triggers/ontareanotification-094451","triggerRegion":"nam5","eventType":"google.cloud.firestore.document.v1.written","eventFilters":[{"attribute":"database","value":"(default)"},{"attribute":"namespace","value":"(default)"},{"attribute":"document","value":"boards/{boardId}/lists/{listId}/tareas/{tareaId}","operator":"match-path-pattern"}],"pubsubTopic":"projects/kitrello/topics/eventarc-nam5-ontareanotification-094451-999","serviceAccountEmail":"735406023118-compute@developer.gserviceaccount.com","retryPolicy":"RETRY_POLICY_DO_NOT_RETRY"},"state":"ACTIVE","updateTime":"2026-07-06T00:04:38.639610710Z","labels":{"deployment-tool":"cli-firebase","firebase-functions-hash":"aac6904ec5c338fdb37b299780e97fdeb648bc07"},"environment":"GEN_2","url":"https://us-central1-kitrello.cloudfunctions.net/onTareaNotification","createTime":"2026-07-05T18:23:41.358348907Z","satisfiesPzi":true},{"name":"projects/kitrello/locations/us-central1/functions/onTareaFinalized","buildConfig":{"build":"projects/735406023118/locations/us-central1/builds/a579f38f-0bc1-4b91-ac7c-9b0883cb4ea2","runtime":"nodejs20","entryPoint":"onTareaFinalized","source":{"storageSource":{"bucket":"gcf-v2-sources-735406023118-us-central1","object":"onTareaFinalized/function-source.zip","generation":"1783296276750608"}},"environmentVariables":{"GOOGLE_NODE_RUN_SCRIPTS":""},"dockerRepository":"projects/kitrello/locations/us-central1/repositories/gcf-artifacts","sourceProvenance":{"resolvedStorageSource":{"bucket":"gcf-v2-sources-735406023118-us-central1","object":"onTareaFinalized/function-source.zip","generation":"1783296276750608"}},"dockerRegistry":"ARTIFACT_REGISTRY","serviceAccount":"projects/kitrello/serviceAccounts/735406023118-compute@developer.gserviceaccount.com","automaticUpdatePolicy":{}},"serviceConfig":{"service":"projects/kitrello/locations/us-central1/services/ontareafinalized","timeoutSeconds":60,"environmentVariables":{"FIREBASE_CONFIG":"{\"projectId\":\"kitrello\",\"databaseURL\":\"https://kitrello-default-rtdb.firebaseio.com\",\"storageBucket\":\"kitrello.firebasestorage.app\"}","GCLOUD_PROJECT":"kitrello","EVENTARC_CLOUD_EVENT_SOURCE":"projects/kitrello/locations/us-central1/services/onTareaFinalized","FUNCTION_SIGNATURE_TYPE":"cloudevent","FUNCTION_TARGET":"onTareaFinalized","LOG_EXECUTION_ID":"true"},"maxInstanceCount":20,"ingressSettings":"ALLOW_ALL","uri":"https://ontareafinalized-h5nnyhq22a-uc.a.run.app","serviceAccountEmail":"735406023118-compute@developer.gserviceaccount.com","availableMemory":"256Mi","allTrafficOnLatestRevision":true,"secretEnvironmentVariables":[{"key":"NOTIFICATION_WEBHOOK_URL","projectId":"kitrello","secret":"NOTIFICATION_WEBHOOK_URL","version":"1"},{"key":"NOTIFICATION_WEBHOOK_SECRET","projectId":"kitrello","secret":"NOTIFICATION_WEBHOOK_SECRET","version":"1"}],"revision":"ontareafinalized-00009-bef","maxInstanceRequestConcurrency":80,"availableCpu":"1"},"eventTrigger":{"trigger":"projects/kitrello/locations/nam5/triggers/ontareafinalized-657791","triggerRegion":"nam5","eventType":"google.cloud.firestore.document.v1.written","eventFilters":[{"attribute":"document","value":"boards/{boardId}/lists/{listId}/tareas/{tareaId}","operator":"match-path-pattern"},{"attribute":"database","value":"(default)"},{"attribute":"namespace","value":"(default)"}],"pubsubTopic":"projects/kitrello/topics/eventarc-nam5-ontareafinalized-657791-553","serviceAccountEmail":"735406023118-compute@developer.gserviceaccount.com","retryPolicy":"RETRY_POLICY_DO_NOT_RETRY"},"state":"ACTIVE","updateTime":"2026-07-06T00:04:46.837353331Z","labels":{"deployment-tool":"cli-firebase","firebase-functions-hash":"aac6904ec5c338fdb37b299780e97fdeb648bc07"},"environment":"GEN_2","url":"https://us-central1-kitrello.cloudfunctions.net/onTareaFinalized","createTime":"2026-07-05T16:46:06.898543837Z","satisfiesPzi":true},{"name":"projects/kitrello/locations/us-central1/functions/onSubtaskCommentCreated","buildConfig":{"build":"projects/735406023118/locations/us-central1/builds/a579f38f-0bc1-4b91-ac7c-9b0883cb4ea2","runtime":"nodejs20","entryPoint":"onSubtaskCommentCreated","source":{"storageSource":{"bucket":"gcf-v2-sources-735406023118-us-central1","object":"onSubtaskCommentCreated/function-source.zip","generation":"1783296276032588"}},"environmentVariables":{"GOOGLE_NODE_RUN_SCRIPTS":""},"dockerRepository":"projects/kitrello/locations/us-central1/repositories/gcf-artifacts","sourceProvenance":{"resolvedStorageSource":{"bucket":"gcf-v2-sources-735406023118-us-central1","object":"onSubtaskCommentCreated/function-source.zip","generation":"1783296276032588"}},"dockerRegistry":"ARTIFACT_REGISTRY","serviceAccount":"projects/kitrello/serviceAccounts/735406023118-compute@developer.gserviceaccount.com","automaticUpdatePolicy":{}},"serviceConfig":{"service":"projects/kitrello/locations/us-central1/services/onsubtaskcommentcreated","timeoutSeconds":60,"environmentVariables":{"FIREBASE_CONFIG":"{\"projectId\":\"kitrello\",\"databaseURL\":\"https://kitrello-default-rtdb.firebaseio.com\",\"storageBucket\":\"kitrello.firebasestorage.app\"}","GCLOUD_PROJECT":"kitrello","EVENTARC_CLOUD_EVENT_SOURCE":"projects/kitrello/locations/us-central1/services/onSubtaskCommentCreated","FUNCTION_SIGNATURE_TYPE":"cloudevent","FUNCTION_TARGET":"onSubtaskCommentCreated","LOG_EXECUTION_ID":"true"},"maxInstanceCount":20,"ingressSettings":"ALLOW_ALL","uri":"https://onsubtaskcommentcreated-h5nnyhq22a-uc.a.run.app","serviceAccountEmail":"735406023118-compute@developer.gserviceaccount.com","availableMemory":"256Mi","allTrafficOnLatestRevision":true,"secretEnvironmentVariables":[{"key":"NOTIFICATION_WEBHOOK_URL","projectId":"kitrello","secret":"NOTIFICATION_WEBHOOK_URL","version":"1"},{"key":"NOTIFICATION_WEBHOOK_SECRET","projectId":"kitrello","secret":"NOTIFICATION_WEBHOOK_SECRET","version":"1"}],"revision":"onsubtaskcommentcreated-00008-gax","maxInstanceRequestConcurrency":80,"availableCpu":"1"},"eventTrigger":{"trigger":"projects/kitrello/locations/nam5/triggers/onsubtaskcommentcreated-936827","triggerRegion":"nam5","eventType":"google.cloud.firestore.document.v1.created","eventFilters":[{"attribute":"namespace","value":"(default)"},{"attribute":"document","value":"boards/{boardId}/lists/{listId}/tareas/{tareaId}/subtaskComments/{subtaskId}/comments/{commentId}","operator":"match-path-pattern"},{"attribute":"database","value":"(default)"}],"pubsubTopic":"projects/kitrello/topics/eventarc-nam5-onsubtaskcommentcreated-936827-198","serviceAccountEmail":"735406023118-compute@developer.gserviceaccount.com","retryPolicy":"RETRY_POLICY_DO_NOT_RETRY"},"state":"ACTIVE","updateTime":"2026-07-06T00:04:45.209201924Z","labels":{"deployment-tool":"cli-firebase","firebase-functions-hash":"aac6904ec5c338fdb37b299780e97fdeb648bc07"},"environment":"GEN_2","url":"https://us-central1-kitrello.cloudfunctions.net/onSubtaskCommentCreated","createTime":"2026-07-05T18:24:26.394425516Z","satisfiesPzi":true},{"name":"projects/kitrello/locations/us-central1/functions/onTareaCommentCreated","buildConfig":{"build":"projects/735406023118/locations/us-central1/builds/a579f38f-0bc1-4b91-ac7c-9b0883cb4ea2","runtime":"nodejs20","entryPoint":"onTareaCommentCreated","source":{"storageSource":{"bucket":"gcf-v2-sources-735406023118-us-central1","object":"onTareaCommentCreated/function-source.zip","generation":"1783296276695509"}},"environmentVariables":{"GOOGLE_NODE_RUN_SCRIPTS":""},"dockerRepository":"projects/kitrello/locations/us-central1/repositories/gcf-artifacts","sourceProvenance":{"resolvedStorageSource":{"bucket":"gcf-v2-sources-735406023118-us-central1","object":"onTareaCommentCreated/function-source.zip","generation":"1783296276695509"}},"dockerRegistry":"ARTIFACT_REGISTRY","serviceAccount":"projects/kitrello/serviceAccounts/735406023118-compute@developer.gserviceaccount.com","automaticUpdatePolicy":{}},"serviceConfig":{"service":"projects/kitrello/locations/us-central1/services/ontareacommentcreated","timeoutSeconds":60,"environmentVariables":{"FIREBASE_CONFIG":"{\"projectId\":\"kitrello\",\"databaseURL\":\"https://kitrello-default-rtdb.firebaseio.com\",\"storageBucket\":\"kitrello.firebasestorage.app\"}","GCLOUD_PROJECT":"kitrello","EVENTARC_CLOUD_EVENT_SOURCE":"projects/kitrello/locations/us-central1/services/onTareaCommentCreated","FUNCTION_SIGNATURE_TYPE":"cloudevent","FUNCTION_TARGET":"onTareaCommentCreated","LOG_EXECUTION_ID":"true"},"maxInstanceCount":20,"ingressSettings":"ALLOW_ALL","uri":"https://ontareacommentcreated-h5nnyhq22a-uc.a.run.app","serviceAccountEmail":"735406023118-compute@developer.gserviceaccount.com","availableMemory":"256Mi","allTrafficOnLatestRevision":true,"secretEnvironmentVariables":[{"key":"NOTIFICATION_WEBHOOK_URL","projectId":"kitrello","secret":"NOTIFICATION_WEBHOOK_URL","version":"1"},{"key":"NOTIFICATION_WEBHOOK_SECRET","projectId":"kitrello","secret":"NOTIFICATION_WEBHOOK_SECRET","version":"1"}],"revision":"ontareacommentcreated-00008-gac","maxInstanceRequestConcurrency":80,"availableCpu":"1"},"eventTrigger":{"trigger":"projects/kitrello/locations/nam5/triggers/ontareacommentcreated-128104","triggerRegion":"nam5","eventType":"google.cloud.firestore.document.v1.created","eventFilters":[{"attribute":"namespace","value":"(default)"},{"attribute":"document","value":"boards/{boardId}/lists/{listId}/tareas/{tareaId}/comments/{commentId}","operator":"match-path-pattern"},{"attribute":"database","value":"(default)"}],"pubsubTopic":"projects/kitrello/topics/eventarc-nam5-ontareacommentcreated-128104-801","serviceAccountEmail":"735406023118-compute@developer.gserviceaccount.com","retryPolicy":"RETRY_POLICY_DO_NOT_RETRY"},"state":"ACTIVE","updateTime":"2026-07-06T00:04:45.618938392Z","labels":{"deployment-tool":"cli-firebase","firebase-functions-hash":"aac6904ec5c338fdb37b299780e97fdeb648bc07"},"environment":"GEN_2","url":"https://us-central1-kitrello.cloudfunctions.net/onTareaCommentCreated","createTime":"2026-07-05T18:24:26.469280344Z","satisfiesPzi":true}]}
[info] i  extensions: ensuring required API firebaseextensions.googleapis.com is enabled... 
[debug] [2026-07-06T01:01:49.077Z] > command requires scopes: ["email","openid","https://www.googleapis.com/auth/cloudplatformprojects.readonly","https://www.googleapis.com/auth/firebase","https://www.googleapis.com/auth/cloud-platform"]
[debug] [2026-07-06T01:01:49.077Z] > authorizing via signed-in user (moises.xiaomi@gmail.com)
[debug] [2026-07-06T01:01:49.077Z] [iam] checking project kitrello for permissions ["firebase.projects.get","firebaseextensions.instances.list"]
[debug] [2026-07-06T01:01:49.077Z] Checked if tokens are valid: true, expires at: 1783300868691
[debug] [2026-07-06T01:01:49.077Z] Checked if tokens are valid: true, expires at: 1783300868691
[debug] [2026-07-06T01:01:49.077Z] >>> [apiv2][query] POST https://cloudresourcemanager.googleapis.com/v1/projects/kitrello:testIamPermissions [none]
[debug] [2026-07-06T01:01:49.077Z] >>> [apiv2][(partial)header] POST https://cloudresourcemanager.googleapis.com/v1/projects/kitrello:testIamPermissions  x-goog-user-project=kitrello
[debug] [2026-07-06T01:01:49.077Z] >>> [apiv2][body] POST https://cloudresourcemanager.googleapis.com/v1/projects/kitrello:testIamPermissions {"permissions":["firebase.projects.get","firebaseextensions.instances.list"]}
[debug] [2026-07-06T01:01:49.944Z] <<< [apiv2][status] POST https://cloudresourcemanager.googleapis.com/v1/projects/kitrello:testIamPermissions 200
[debug] [2026-07-06T01:01:49.944Z] <<< [apiv2][body] POST https://cloudresourcemanager.googleapis.com/v1/projects/kitrello:testIamPermissions {"permissions":["firebase.projects.get","firebaseextensions.instances.list"]}
[debug] [2026-07-06T01:01:49.944Z] Checked if tokens are valid: true, expires at: 1783300868691
[debug] [2026-07-06T01:01:49.944Z] Checked if tokens are valid: true, expires at: 1783300868691
[debug] [2026-07-06T01:01:49.944Z] >>> [apiv2][query] GET https://firebaseextensions.googleapis.com/v1beta/projects/kitrello/instances pageSize=100&pageToken=
[debug] [2026-07-06T01:01:51.032Z] <<< [apiv2][status] GET https://firebaseextensions.googleapis.com/v1beta/projects/kitrello/instances 200
[debug] [2026-07-06T01:01:51.032Z] <<< [apiv2][body] GET https://firebaseextensions.googleapis.com/v1beta/projects/kitrello/instances {}
[debug] [2026-07-06T01:01:51.034Z] Checked if tokens are valid: true, expires at: 1783300868691
[debug] [2026-07-06T01:01:51.034Z] Checked if tokens are valid: true, expires at: 1783300868691
[debug] [2026-07-06T01:01:51.034Z] >>> [apiv2][query] GET https://secretmanager.googleapis.com/v1/projects/kitrello/secrets/NOTIFICATION_WEBHOOK_URL [none]
[debug] [2026-07-06T01:01:51.428Z] <<< [apiv2][status] GET https://secretmanager.googleapis.com/v1/projects/kitrello/secrets/NOTIFICATION_WEBHOOK_URL 200
[debug] [2026-07-06T01:01:51.428Z] <<< [apiv2][body] GET https://secretmanager.googleapis.com/v1/projects/kitrello/secrets/NOTIFICATION_WEBHOOK_URL {"name":"projects/735406023118/secrets/NOTIFICATION_WEBHOOK_URL","replication":{"automatic":{}},"createTime":"2026-07-05T16:37:26.845661Z","labels":{"firebase-managed":"functions"},"etag":"\"1655dfc6035685\""}
[debug] [2026-07-06T01:01:51.429Z] Checked if tokens are valid: true, expires at: 1783300868691
[debug] [2026-07-06T01:01:51.429Z] Checked if tokens are valid: true, expires at: 1783300868691
[debug] [2026-07-06T01:01:51.429Z] >>> [apiv2][query] GET https://secretmanager.googleapis.com/v1/projects/kitrello/secrets/NOTIFICATION_WEBHOOK_URL/versions/latest [none]
[debug] [2026-07-06T01:01:51.627Z] <<< [apiv2][status] GET https://secretmanager.googleapis.com/v1/projects/kitrello/secrets/NOTIFICATION_WEBHOOK_URL/versions/latest 200
[debug] [2026-07-06T01:01:51.627Z] <<< [apiv2][body] GET https://secretmanager.googleapis.com/v1/projects/kitrello/secrets/NOTIFICATION_WEBHOOK_URL/versions/latest {"name":"projects/735406023118/secrets/NOTIFICATION_WEBHOOK_URL/versions/1","createTime":"2026-07-05T16:39:29.768640Z","state":"ENABLED","replicationStatus":{"automatic":{}},"etag":"\"1655dfcd3eacc0\""}
[debug] [2026-07-06T01:01:51.628Z] Checked if tokens are valid: true, expires at: 1783300868691
[debug] [2026-07-06T01:01:51.628Z] Checked if tokens are valid: true, expires at: 1783300868691
[debug] [2026-07-06T01:01:51.628Z] >>> [apiv2][query] GET https://secretmanager.googleapis.com/v1/projects/kitrello/secrets/NOTIFICATION_WEBHOOK_SECRET [none]
[debug] [2026-07-06T01:01:51.940Z] <<< [apiv2][status] GET https://secretmanager.googleapis.com/v1/projects/kitrello/secrets/NOTIFICATION_WEBHOOK_SECRET 200
[debug] [2026-07-06T01:01:51.940Z] <<< [apiv2][body] GET https://secretmanager.googleapis.com/v1/projects/kitrello/secrets/NOTIFICATION_WEBHOOK_SECRET {"name":"projects/735406023118/secrets/NOTIFICATION_WEBHOOK_SECRET","replication":{"automatic":{}},"createTime":"2026-07-05T16:40:49.001397Z","labels":{"firebase-managed":"functions"},"etag":"\"1655dfd2105999\""}
[debug] [2026-07-06T01:01:51.940Z] Checked if tokens are valid: true, expires at: 1783300868691
[debug] [2026-07-06T01:01:51.940Z] Checked if tokens are valid: true, expires at: 1783300868691
[debug] [2026-07-06T01:01:51.941Z] >>> [apiv2][query] GET https://secretmanager.googleapis.com/v1/projects/kitrello/secrets/NOTIFICATION_WEBHOOK_SECRET/versions/latest [none]
[debug] [2026-07-06T01:01:52.150Z] <<< [apiv2][status] GET https://secretmanager.googleapis.com/v1/projects/kitrello/secrets/NOTIFICATION_WEBHOOK_SECRET/versions/latest 200
[debug] [2026-07-06T01:01:52.150Z] <<< [apiv2][body] GET https://secretmanager.googleapis.com/v1/projects/kitrello/secrets/NOTIFICATION_WEBHOOK_SECRET/versions/latest {"name":"projects/735406023118/secrets/NOTIFICATION_WEBHOOK_SECRET/versions/1","createTime":"2026-07-05T16:41:09.832569Z","state":"ENABLED","replicationStatus":{"automatic":{}},"etag":"\"1655dfd3358779\""}
[info] i  functions: preparing functions directory for uploading... 
[info] i  functions: packaged /home/moises/Documentos/GitHub/kitrello/functions (31.31 KB) for uploading 
[debug] [2026-07-06T01:01:52.175Z] Checked if tokens are valid: true, expires at: 1783300868691
[debug] [2026-07-06T01:01:52.175Z] Checked if tokens are valid: true, expires at: 1783300868691
[debug] [2026-07-06T01:01:52.175Z] >>> [apiv2][query] GET https://firestore.googleapis.com/v1/projects/kitrello/databases/(default) [none]
[debug] [2026-07-06T01:01:53.276Z] <<< [apiv2][status] GET https://firestore.googleapis.com/v1/projects/kitrello/databases/(default) 200
[debug] [2026-07-06T01:01:53.276Z] <<< [apiv2][body] GET https://firestore.googleapis.com/v1/projects/kitrello/databases/(default) {"name":"projects/kitrello/databases/(default)","uid":"d1c9111a-3b69-4d08-8995-7af89bcb170b","createTime":"2026-07-03T17:05:34.025865Z","updateTime":"2026-07-03T17:05:34.025865Z","locationId":"nam5","type":"FIRESTORE_NATIVE","concurrencyMode":"PESSIMISTIC","versionRetentionPeriod":"3600s","earliestVersionTime":"2026-07-06T00:01:53.182811Z","appEngineIntegrationMode":"DISABLED","keyPrefix":"s","pointInTimeRecoveryEnablement":"POINT_IN_TIME_RECOVERY_DISABLED","deleteProtectionState":"DELETE_PROTECTION_DISABLED","databaseEdition":"STANDARD","freeTier":true,"realtimeUpdatesMode":"REALTIME_UPDATES_MODE_ENABLED","etag":"INfTuo/tvJUDMKuZz4D/tpUD"}
[info] i  functions: ensuring required API run.googleapis.com is enabled... 
[info] i  functions: ensuring required API eventarc.googleapis.com is enabled... 
[info] i  functions: ensuring required API pubsub.googleapis.com is enabled... 
[info] i  functions: ensuring required API storage.googleapis.com is enabled... 
[info] i  functions: generating the service identity for pubsub.googleapis.com... 
[debug] [2026-07-06T01:01:53.278Z] Checked if tokens are valid: true, expires at: 1783300868691
[debug] [2026-07-06T01:01:53.278Z] Checked if tokens are valid: true, expires at: 1783300868691
[info] i  functions: generating the service identity for eventarc.googleapis.com... 
[debug] [2026-07-06T01:01:53.278Z] Checked if tokens are valid: true, expires at: 1783300868691
[debug] [2026-07-06T01:01:53.278Z] Checked if tokens are valid: true, expires at: 1783300868691
[debug] [2026-07-06T01:01:53.278Z] >>> [apiv2][query] POST https://serviceusage.googleapis.com/v1beta1/projects/735406023118/services/pubsub.googleapis.com:generateServiceIdentity [none]
[debug] [2026-07-06T01:01:53.278Z] >>> [apiv2][(partial)header] POST https://serviceusage.googleapis.com/v1beta1/projects/735406023118/services/pubsub.googleapis.com:generateServiceIdentity  x-goog-user-project=735406023118
[debug] [2026-07-06T01:01:53.278Z] >>> [apiv2][body] POST https://serviceusage.googleapis.com/v1beta1/projects/735406023118/services/pubsub.googleapis.com:generateServiceIdentity {}
[debug] [2026-07-06T01:01:53.279Z] >>> [apiv2][query] POST https://serviceusage.googleapis.com/v1beta1/projects/735406023118/services/eventarc.googleapis.com:generateServiceIdentity [none]
[debug] [2026-07-06T01:01:53.279Z] >>> [apiv2][(partial)header] POST https://serviceusage.googleapis.com/v1beta1/projects/735406023118/services/eventarc.googleapis.com:generateServiceIdentity  x-goog-user-project=735406023118
[debug] [2026-07-06T01:01:53.279Z] >>> [apiv2][body] POST https://serviceusage.googleapis.com/v1beta1/projects/735406023118/services/eventarc.googleapis.com:generateServiceIdentity {}
[debug] [2026-07-06T01:01:54.361Z] <<< [apiv2][status] POST https://serviceusage.googleapis.com/v1beta1/projects/735406023118/services/eventarc.googleapis.com:generateServiceIdentity 200
[debug] [2026-07-06T01:01:54.361Z] <<< [apiv2][body] POST https://serviceusage.googleapis.com/v1beta1/projects/735406023118/services/eventarc.googleapis.com:generateServiceIdentity {"name":"operations/finished.DONE_OPERATION","done":true,"response":{"@type":"type.googleapis.com/google.api.serviceusage.v1beta1.ServiceIdentity","email":"service-735406023118@gcp-sa-eventarc.iam.gserviceaccount.com","uniqueId":"100413314178625049401"}}
[debug] [2026-07-06T01:01:54.410Z] <<< [apiv2][status] POST https://serviceusage.googleapis.com/v1beta1/projects/735406023118/services/pubsub.googleapis.com:generateServiceIdentity 200
[debug] [2026-07-06T01:01:54.410Z] <<< [apiv2][body] POST https://serviceusage.googleapis.com/v1beta1/projects/735406023118/services/pubsub.googleapis.com:generateServiceIdentity {"name":"operations/finished.DONE_OPERATION","done":true,"response":{"@type":"type.googleapis.com/google.api.serviceusage.v1beta1.ServiceIdentity","email":"service-735406023118@gcp-sa-pubsub.iam.gserviceaccount.com","uniqueId":"115220428006789553824"}}
[info] i  functions: ensuring required API secretmanager.googleapis.com is enabled... 
[debug] [2026-07-06T01:01:54.411Z] Checked if tokens are valid: true, expires at: 1783300868691
[debug] [2026-07-06T01:01:54.411Z] Checked if tokens are valid: true, expires at: 1783300868691
[debug] [2026-07-06T01:01:54.411Z] Checked if tokens are valid: true, expires at: 1783300868691
[debug] [2026-07-06T01:01:54.411Z] Checked if tokens are valid: true, expires at: 1783300868691
[debug] [2026-07-06T01:01:54.411Z] >>> [apiv2][query] GET https://secretmanager.googleapis.com/v1/projects/kitrello/secrets/NOTIFICATION_WEBHOOK_URL/versions/latest [none]
[debug] [2026-07-06T01:01:54.412Z] >>> [apiv2][query] GET https://secretmanager.googleapis.com/v1/projects/kitrello/secrets/NOTIFICATION_WEBHOOK_SECRET/versions/latest [none]
[debug] [2026-07-06T01:01:54.622Z] <<< [apiv2][status] GET https://secretmanager.googleapis.com/v1/projects/kitrello/secrets/NOTIFICATION_WEBHOOK_URL/versions/latest 200
[debug] [2026-07-06T01:01:54.622Z] <<< [apiv2][body] GET https://secretmanager.googleapis.com/v1/projects/kitrello/secrets/NOTIFICATION_WEBHOOK_URL/versions/latest {"name":"projects/735406023118/secrets/NOTIFICATION_WEBHOOK_URL/versions/1","createTime":"2026-07-05T16:39:29.768640Z","state":"ENABLED","replicationStatus":{"automatic":{}},"etag":"\"1655dfcd3eacc0\""}
[debug] [2026-07-06T01:01:54.622Z] Resolved secret version of NOTIFICATION_WEBHOOK_URL to 1.
[debug] [2026-07-06T01:01:54.650Z] <<< [apiv2][status] GET https://secretmanager.googleapis.com/v1/projects/kitrello/secrets/NOTIFICATION_WEBHOOK_SECRET/versions/latest 200
[debug] [2026-07-06T01:01:54.650Z] <<< [apiv2][body] GET https://secretmanager.googleapis.com/v1/projects/kitrello/secrets/NOTIFICATION_WEBHOOK_SECRET/versions/latest {"name":"projects/735406023118/secrets/NOTIFICATION_WEBHOOK_SECRET/versions/1","createTime":"2026-07-05T16:41:09.832569Z","state":"ENABLED","replicationStatus":{"automatic":{}},"etag":"\"1655dfd3358779\""}
[debug] [2026-07-06T01:01:54.650Z] Resolved secret version of NOTIFICATION_WEBHOOK_SECRET to 1.
[debug] [2026-07-06T01:01:54.651Z] Checked if tokens are valid: true, expires at: 1783300868691
[debug] [2026-07-06T01:01:54.651Z] Checked if tokens are valid: true, expires at: 1783300868691
[debug] [2026-07-06T01:01:54.651Z] >>> [apiv2][query] GET https://cloudresourcemanager.googleapis.com/v1/projects/kitrello [none]
[debug] [2026-07-06T01:01:54.910Z] <<< [apiv2][status] GET https://cloudresourcemanager.googleapis.com/v1/projects/kitrello 200
[debug] [2026-07-06T01:01:54.910Z] <<< [apiv2][body] GET https://cloudresourcemanager.googleapis.com/v1/projects/kitrello {"projectNumber":"735406023118","projectId":"kitrello","lifecycleState":"ACTIVE","name":"kitrello","labels":{"firebase":"enabled","firebase-core":"disabled"},"createTime":"2026-07-02T20:47:46.955Z"}
[debug] [2026-07-06T01:01:54.910Z] Checked if tokens are valid: true, expires at: 1783300868691
[debug] [2026-07-06T01:01:54.910Z] Checked if tokens are valid: true, expires at: 1783300868691
[debug] [2026-07-06T01:01:54.911Z] >>> [apiv2][query] GET https://compute.googleapis.com/compute/v1/projects/735406023118 [none]
[debug] [2026-07-06T01:01:55.171Z] <<< [apiv2][status] GET https://compute.googleapis.com/compute/v1/projects/735406023118 403
[debug] [2026-07-06T01:01:55.171Z] <<< [apiv2][body] GET https://compute.googleapis.com/compute/v1/projects/735406023118 {"error":{"code":403,"message":"Compute Engine API has not been used in project 735406023118 before or it is disabled. Enable it by visiting https://console.developers.google.com/apis/api/compute.googleapis.com/overview?project=735406023118 then retry. If you enabled this API recently, wait a few minutes for the action to propagate to our systems and retry.","errors":[{"message":"Compute Engine API has not been used in project 735406023118 before or it is disabled. Enable it by visiting https://console.developers.google.com/apis/api/compute.googleapis.com/overview?project=735406023118 then retry. If you enabled this API recently, wait a few minutes for the action to propagate to our systems and retry.","domain":"usageLimits","reason":"accessNotConfigured","extendedHelp":"https://console.developers.google.com"}],"status":"PERMISSION_DENIED","details":[{"@type":"type.googleapis.com/google.rpc.ErrorInfo","reason":"SERVICE_DISABLED","domain":"googleapis.com","metadata":{"consumer":"projects/735406023118","containerInfo":"735406023118","service":"compute.googleapis.com","serviceTitle":"Compute Engine API","activationUrl":"https://console.developers.google.com/apis/api/compute.googleapis.com/overview?project=735406023118"}},{"@type":"type.googleapis.com/google.rpc.LocalizedMessage","locale":"en-US","message":"Compute Engine API has not been used in project 735406023118 before or it is disabled. Enable it by visiting https://console.developers.google.com/apis/api/compute.googleapis.com/overview?project=735406023118 then retry. If you enabled this API recently, wait a few minutes for the action to propagate to our systems and retry."},{"@type":"type.googleapis.com/google.rpc.Help","links":[{"description":"Google developers console API activation","url":"https://console.developers.google.com/apis/api/compute.googleapis.com/overview?project=735406023118"}]}]}}
[debug] [2026-07-06T01:01:55.172Z] unable to look up default compute service account. Falling back to 735406023118-compute@developer.gserviceaccount.com. Error: {"name":"FirebaseError","children":[],"context":{"body":{"error":{"code":403,"message":"Compute Engine API has not been used in project 735406023118 before or it is disabled. Enable it by visiting https://console.developers.google.com/apis/api/compute.googleapis.com/overview?project=735406023118 then retry. If you enabled this API recently, wait a few minutes for the action to propagate to our systems and retry.","errors":[{"message":"Compute Engine API has not been used in project 735406023118 before or it is disabled. Enable it by visiting https://console.developers.google.com/apis/api/compute.googleapis.com/overview?project=735406023118 then retry. If you enabled this API recently, wait a few minutes for the action to propagate to our systems and retry.","domain":"usageLimits","reason":"accessNotConfigured","extendedHelp":"https://console.developers.google.com"}],"status":"PERMISSION_DENIED","details":[{"@type":"type.googleapis.com/google.rpc.ErrorInfo","reason":"SERVICE_DISABLED","domain":"googleapis.com","metadata":{"consumer":"projects/735406023118","containerInfo":"735406023118","service":"compute.googleapis.com","serviceTitle":"Compute Engine API","activationUrl":"https://console.developers.google.com/apis/api/compute.googleapis.com/overview?project=735406023118"}},{"@type":"type.googleapis.com/google.rpc.LocalizedMessage","locale":"en-US","message":"Compute Engine API has not been used in project 735406023118 before or it is disabled. Enable it by visiting https://console.developers.google.com/apis/api/compute.googleapis.com/overview?project=735406023118 then retry. If you enabled this API recently, wait a few minutes for the action to propagate to our systems and retry."},{"@type":"type.googleapis.com/google.rpc.Help","links":[{"description":"Google developers console API activation","url":"https://console.developers.google.com/apis/api/compute.googleapis.com/overview?project=735406023118"}]}]}},"response":{"statusCode":403}},"exit":1,"message":"Request to https://compute.googleapis.com/compute/v1/projects/735406023118 had HTTP Error: 403, Compute Engine API has not been used in project 735406023118 before or it is disabled. Enable it by visiting https://console.developers.google.com/apis/api/compute.googleapis.com/overview?project=735406023118 then retry. If you enabled this API recently, wait a few minutes for the action to propagate to our systems and retry.","status":403}
[debug] [2026-07-06T01:01:55.172Z] Checked if tokens are valid: true, expires at: 1783300868691
[debug] [2026-07-06T01:01:55.172Z] Checked if tokens are valid: true, expires at: 1783300868691
[debug] [2026-07-06T01:01:55.172Z] >>> [apiv2][query] GET https://cloudbilling.googleapis.com/v1/projects/kitrello/billingInfo [none]
[debug] [2026-07-06T01:01:55.173Z] >>> [apiv2][(partial)header] GET https://cloudbilling.googleapis.com/v1/projects/kitrello/billingInfo  x-goog-user-project=kitrello
[debug] [2026-07-06T01:01:56.137Z] <<< [apiv2][status] GET https://cloudbilling.googleapis.com/v1/projects/kitrello/billingInfo 200
[debug] [2026-07-06T01:01:56.137Z] <<< [apiv2][body] GET https://cloudbilling.googleapis.com/v1/projects/kitrello/billingInfo {"name":"projects/kitrello/billingInfo","projectId":"kitrello","billingAccountName":"billingAccounts/01A83B-14747C-73A235","billingEnabled":true}
[debug] [2026-07-06T01:01:56.138Z] Checked if tokens are valid: true, expires at: 1783300868691
[debug] [2026-07-06T01:01:56.138Z] Checked if tokens are valid: true, expires at: 1783300868691
[debug] [2026-07-06T01:01:56.138Z] >>> [apiv2][query] POST https://cloudfunctions.googleapis.com/v2/projects/kitrello/locations/us-central1/functions:generateUploadUrl [none]
[debug] [2026-07-06T01:01:56.443Z] <<< [apiv2][status] POST https://cloudfunctions.googleapis.com/v2/projects/kitrello/locations/us-central1/functions:generateUploadUrl 200
[debug] [2026-07-06T01:01:56.443Z] <<< [apiv2][body] POST https://cloudfunctions.googleapis.com/v2/projects/kitrello/locations/us-central1/functions:generateUploadUrl {"uploadUrl":"https://storage.googleapis.com/gcf-v2-uploads-735406023118.us-central1.cloudfunctions.appspot.com/6da9d58c-2159-4c05-803b-84ab56fd7f75.zip?GoogleAccessId=service-735406023118@gcf-admin-robot.iam.gserviceaccount.com&Expires=1783301516&Signature=rB5Rjgryk%2FQQ8TT8fJU96%2FFFBTiIwO0kRLZh6Iz7fyLSJ%2FvIrqbMq2efCtZ2W2Np3sFVxcxB6%2FaHZ93Z3zAL2jVk09VMlyXUyCykSLmsLZs4pUqA%2B6mhvLiRMHwkCwpD0B9Fse1rLMzs59R1u%2FnFZ3EYxtm2vZV3urTOpbiJQOgELIUoeERAelLUK5N37oWlNitZWWCLO2ujdwsk%2Fbb0nA6p4T32l73Z1%2FbB3sogCGhHTyYXnlMHksDlP4MjMZ6Dw6SAW%2Fc1Pe7feJP29kBoD%2B%2B5h3N3hH5W3ih%2BPdWR619kDALfhF2BWN0Ui8NNHnZMK36pme7HjaiWU0ZVVpTWwg%3D%3D","storageSource":{"bucket":"gcf-v2-uploads-735406023118.us-central1.cloudfunctions.appspot.com","object":"6da9d58c-2159-4c05-803b-84ab56fd7f75.zip"}}
[debug] [2026-07-06T01:01:56.443Z] >>> [apiv2][query] PUT https://storage.googleapis.com/gcf-v2-uploads-735406023118.us-central1.cloudfunctions.appspot.com/6da9d58c-2159-4c05-803b-84ab56fd7f75.zip GoogleAccessId=service-735406023118%40gcf-admin-robot.iam.gserviceaccount.com&Expires=1783301516&Signature=rB5Rjgryk%2FQQ8TT8fJU96%2FFFBTiIwO0kRLZh6Iz7fyLSJ%2FvIrqbMq2efCtZ2W2Np3sFVxcxB6%2FaHZ93Z3zAL2jVk09VMlyXUyCykSLmsLZs4pUqA%2B6mhvLiRMHwkCwpD0B9Fse1rLMzs59R1u%2FnFZ3EYxtm2vZV3urTOpbiJQOgELIUoeERAelLUK5N37oWlNitZWWCLO2ujdwsk%2Fbb0nA6p4T32l73Z1%2FbB3sogCGhHTyYXnlMHksDlP4MjMZ6Dw6SAW%2Fc1Pe7feJP29kBoD%2B%2B5h3N3hH5W3ih%2BPdWR619kDALfhF2BWN0Ui8NNHnZMK36pme7HjaiWU0ZVVpTWwg%3D%3D
[debug] [2026-07-06T01:01:56.443Z] >>> [apiv2][body] PUT https://storage.googleapis.com/gcf-v2-uploads-735406023118.us-central1.cloudfunctions.appspot.com/6da9d58c-2159-4c05-803b-84ab56fd7f75.zip [stream]
[debug] [2026-07-06T01:01:56.764Z] <<< [apiv2][status] PUT https://storage.googleapis.com/gcf-v2-uploads-735406023118.us-central1.cloudfunctions.appspot.com/6da9d58c-2159-4c05-803b-84ab56fd7f75.zip 200
[debug] [2026-07-06T01:01:56.764Z] <<< [apiv2][body] PUT https://storage.googleapis.com/gcf-v2-uploads-735406023118.us-central1.cloudfunctions.appspot.com/6da9d58c-2159-4c05-803b-84ab56fd7f75.zip [omitted]
[info] ✔  functions: functions source uploaded successfully 
[info] 
The following functions are found in your project but do not exist in your local source code:
	onSubtaskCommentCreated(us-central1)
	onTareaCommentCreated(us-central1)
	onTareaNotification(us-central1)

If you are renaming a function or changing its region, it is recommended that you create the new function first before deleting the old one to prevent event loss. For more info, visit https://firebase.google.com/docs/functions/manage-functions#modify

[info] i  functions: updating Node.js 20 (2nd Gen) function onTareaFinalized(us-central1)... 
[debug] [2026-07-06T01:14:59.163Z] Checked if tokens are valid: false, expires at: 1783300868691
[debug] [2026-07-06T01:14:59.163Z] Checked if tokens are valid: false, expires at: 1783300868691
[debug] [2026-07-06T01:14:59.163Z] > refreshing access token with scopes: []
[debug] [2026-07-06T01:14:59.164Z] >>> [apiv2][query] POST https://www.googleapis.com/oauth2/v3/token [none]
[debug] [2026-07-06T01:14:59.164Z] >>> [apiv2][body] POST https://www.googleapis.com/oauth2/v3/token [omitted]
[debug] [2026-07-06T01:15:04.231Z] <<< [apiv2][status] POST https://www.googleapis.com/oauth2/v3/token 200
[debug] [2026-07-06T01:15:04.231Z] <<< [apiv2][body] POST https://www.googleapis.com/oauth2/v3/token [omitted]
[debug] [2026-07-06T01:15:04.245Z] >>> [apiv2][query] PATCH https://cloudfunctions.googleapis.com/v2/projects/kitrello/locations/us-central1/functions/onTareaFinalized updateMask=name%2CbuildConfig.runtime%2CbuildConfig.entryPoint%2CbuildConfig.source.storageSource.bucket%2CbuildConfig.source.storageSource.object%2CbuildConfig.environmentVariables%2CbuildConfig.sourceToken%2CserviceConfig.environmentVariables%2CserviceConfig.secretEnvironmentVariables%2CserviceConfig.ingressSettings%2CserviceConfig.timeoutSeconds%2CserviceConfig.serviceAccountEmail%2CserviceConfig.availableMemory%2CserviceConfig.minInstanceCount%2CserviceConfig.maxInstanceCount%2CserviceConfig.maxInstanceRequestConcurrency%2CserviceConfig.availableCpu%2CserviceConfig.vpcConnector%2CserviceConfig.vpcConnectorEgressSettings%2CserviceConfig.directVpcNetworkInterface%2CserviceConfig.directVpcEgress%2Clabels%2CeventTrigger.eventType%2CeventTrigger.retryPolicy%2CeventTrigger.eventFilters%2CeventTrigger.triggerRegion
[debug] [2026-07-06T01:15:04.246Z] >>> [apiv2][body] PATCH https://cloudfunctions.googleapis.com/v2/projects/kitrello/locations/us-central1/functions/onTareaFinalized {"name":"projects/kitrello/locations/us-central1/functions/onTareaFinalized","buildConfig":{"runtime":"nodejs20","entryPoint":"onTareaFinalized","source":{"storageSource":{"bucket":"gcf-v2-uploads-735406023118.us-central1.cloudfunctions.appspot.com","object":"6da9d58c-2159-4c05-803b-84ab56fd7f75.zip"}},"environmentVariables":{"GOOGLE_NODE_RUN_SCRIPTS":""}},"serviceConfig":{"environmentVariables":{"FIREBASE_CONFIG":"{\"projectId\":\"kitrello\",\"databaseURL\":\"https://kitrello-default-rtdb.firebaseio.com\",\"storageBucket\":\"kitrello.firebasestorage.app\"}","GCLOUD_PROJECT":"kitrello","EVENTARC_CLOUD_EVENT_SOURCE":"projects/kitrello/locations/us-central1/services/onTareaFinalized","FUNCTION_SIGNATURE_TYPE":"cloudevent","FUNCTION_TARGET":"onTareaFinalized","LOG_EXECUTION_ID":"true"},"secretEnvironmentVariables":[{"key":"NOTIFICATION_WEBHOOK_URL","secret":"NOTIFICATION_WEBHOOK_URL","projectId":"kitrello","version":"1"},{"key":"NOTIFICATION_WEBHOOK_SECRET","secret":"NOTIFICATION_WEBHOOK_SECRET","projectId":"kitrello","version":"1"}],"ingressSettings":null,"timeoutSeconds":null,"serviceAccountEmail":null,"availableMemory":"256Mi","minInstanceCount":null,"maxInstanceCount":null,"maxInstanceRequestConcurrency":80,"availableCpu":"1","vpcConnector":null,"vpcConnectorEgressSettings":null,"directVpcNetworkInterface":null,"directVpcEgress":null},"labels":{"deployment-tool":"cli-firebase","firebase-functions-hash":"01a8fb01189c8be2f15985bf8be4b36d4e9efb1f"},"eventTrigger":{"eventType":"google.cloud.firestore.document.v1.written","retryPolicy":"RETRY_POLICY_DO_NOT_RETRY","eventFilters":[{"attribute":"database","value":"(default)"},{"attribute":"namespace","value":"(default)"},{"attribute":"document","value":"boards/{boardId}/lists/{listId}/tareas/{tareaId}","operator":"match-path-pattern"}],"triggerRegion":"nam5"}}
[debug] [2026-07-06T01:15:05.766Z] <<< [apiv2][status] PATCH https://cloudfunctions.googleapis.com/v2/projects/kitrello/locations/us-central1/functions/onTareaFinalized 200
[debug] [2026-07-06T01:15:05.766Z] <<< [apiv2][body] PATCH https://cloudfunctions.googleapis.com/v2/projects/kitrello/locations/us-central1/functions/onTareaFinalized {"name":"projects/kitrello/locations/us-central1/operations/operation-1783300504564-655e7011a31b9-b3f401f3-b74be8c5","metadata":{"@type":"type.googleapis.com/google.cloud.functions.v2.OperationMetadata","createTime":"2026-07-06T01:15:05.576842517Z","target":"projects/kitrello/locations/us-central1/functions/onTareaFinalized","verb":"update","cancelRequested":false,"apiVersion":"v2"},"done":false}
[debug] [2026-07-06T01:15:05.767Z] Checked if tokens are valid: true, expires at: 1783304103232
[debug] [2026-07-06T01:15:05.767Z] Checked if tokens are valid: true, expires at: 1783304103232
[debug] [2026-07-06T01:15:05.767Z] >>> [apiv2][query] GET https://cloudfunctions.googleapis.com/v2/projects/kitrello/locations/us-central1/operations/operation-1783300504564-655e7011a31b9-b3f401f3-b74be8c5 [none]
[debug] [2026-07-06T01:15:05.985Z] <<< [apiv2][status] GET https://cloudfunctions.googleapis.com/v2/projects/kitrello/locations/us-central1/operations/operation-1783300504564-655e7011a31b9-b3f401f3-b74be8c5 200
[debug] [2026-07-06T01:15:05.985Z] <<< [apiv2][body] GET https://cloudfunctions.googleapis.com/v2/projects/kitrello/locations/us-central1/operations/operation-1783300504564-655e7011a31b9-b3f401f3-b74be8c5 {"name":"projects/kitrello/locations/us-central1/operations/operation-1783300504564-655e7011a31b9-b3f401f3-b74be8c5","metadata":{"@type":"type.googleapis.com/google.cloud.functions.v2.OperationMetadata","createTime":"2026-07-06T01:15:05.576842517Z","target":"projects/kitrello/locations/us-central1/functions/onTareaFinalized","verb":"update","cancelRequested":false,"apiVersion":"v2","requestResource":{"@type":"type.googleapis.com/google.cloud.functions.v2.Function","name":"projects/kitrello/locations/us-central1/functions/onTareaFinalized","buildConfig":{"runtime":"nodejs20","entryPoint":"onTareaFinalized","source":{"storageSource":{"bucket":"gcf-v2-sources-735406023118-us-central1","object":"onTareaFinalized/function-source.zip","generation":"1783300505509116"}},"environmentVariables":{"GOOGLE_NODE_RUN_SCRIPTS":""},"dockerRepository":"projects/kitrello/locations/us-central1/repositories/gcf-artifacts","sourceProvenance":{"resolvedStorageSource":{"bucket":"gcf-v2-sources-735406023118-us-central1","object":"onTareaFinalized/function-source.zip","generation":"1783296276750608"}},"dockerRegistry":"ARTIFACT_REGISTRY","serviceAccount":"projects/kitrello/serviceAccounts/735406023118-compute@developer.gserviceaccount.com","automaticUpdatePolicy":{}},"serviceConfig":{"service":"projects/kitrello/locations/us-central1/services/ontareafinalized","timeoutSeconds":60,"environmentVariables":{"FIREBASE_CONFIG":"{\"projectId\":\"kitrello\",\"databaseURL\":\"https://kitrello-default-rtdb.firebaseio.com\",\"storageBucket\":\"kitrello.firebasestorage.app\"}","GCLOUD_PROJECT":"kitrello","EVENTARC_CLOUD_EVENT_SOURCE":"projects/kitrello/locations/us-central1/services/onTareaFinalized","FUNCTION_SIGNATURE_TYPE":"cloudevent","FUNCTION_TARGET":"onTareaFinalized","LOG_EXECUTION_ID":"true"},"ingressSettings":"ALLOW_ALL","uri":"https://ontareafinalized-h5nnyhq22a-uc.a.run.app","serviceAccountEmail":"735406023118-compute@developer.gserviceaccount.com","availableMemory":"256Mi","allTrafficOnLatestRevision":true,"secretEnvironmentVariables":[{"key":"NOTIFICATION_WEBHOOK_URL","projectId":"kitrello","secret":"NOTIFICATION_WEBHOOK_URL","version":"1"},{"key":"NOTIFICATION_WEBHOOK_SECRET","projectId":"kitrello","secret":"NOTIFICATION_WEBHOOK_SECRET","version":"1"}],"revision":"ontareafinalized-00009-bef","maxInstanceRequestConcurrency":80,"availableCpu":"1"},"eventTrigger":{"trigger":"projects/kitrello/locations/nam5/triggers/ontareafinalized-657791","triggerRegion":"nam5","eventType":"google.cloud.firestore.document.v1.written","eventFilters":[{"attribute":"database","value":"(default)"},{"attribute":"namespace","value":"(default)"},{"attribute":"document","value":"boards/{boardId}/lists/{listId}/tareas/{tareaId}","operator":"match-path-pattern"}],"pubsubTopic":"projects/kitrello/topics/eventarc-nam5-ontareafinalized-657791-553","serviceAccountEmail":"735406023118-compute@developer.gserviceaccount.com","retryPolicy":"RETRY_POLICY_DO_NOT_RETRY"},"state":"ACTIVE","labels":{"deployment-tool":"cli-firebase","firebase-functions-hash":"01a8fb01189c8be2f15985bf8be4b36d4e9efb1f"},"environment":"GEN_2","url":"https://us-central1-kitrello.cloudfunctions.net/onTareaFinalized","satisfiesPzi":true},"stages":[{"name":"BUILD","state":"NOT_STARTED","stateMessages":[{"severity":"WARNING","type":"BuildAnalysisWarning","message":"Node.js 20 is no longer supported by the Node.js community as of 30 April, 2026. Runtime nodejs20 is currently deprecated for Cloud Functions. We recommend you to upgrade to the latest version of Node.js as soon as possible."}]},{"name":"SERVICE","state":"NOT_STARTED"},{"name":"TRIGGER","state":"NOT_STARTED"}],"operationType":"UPDATE_FUNCTION"},"done":false}
[debug] [2026-07-06T01:15:06.486Z] [update-default-us-central1-onTareaFinalized] Retrying task index 0
[debug] [2026-07-06T01:15:06.486Z] Checked if tokens are valid: true, expires at: 1783304103232
[debug] [2026-07-06T01:15:06.487Z] Checked if tokens are valid: true, expires at: 1783304103232
[debug] [2026-07-06T01:15:06.487Z] >>> [apiv2][query] GET https://cloudfunctions.googleapis.com/v2/projects/kitrello/locations/us-central1/operations/operation-1783300504564-655e7011a31b9-b3f401f3-b74be8c5 [none]
[debug] [2026-07-06T01:15:06.754Z] <<< [apiv2][status] GET https://cloudfunctions.googleapis.com/v2/projects/kitrello/locations/us-central1/operations/operation-1783300504564-655e7011a31b9-b3f401f3-b74be8c5 200
[debug] [2026-07-06T01:15:06.754Z] <<< [apiv2][body] GET https://cloudfunctions.googleapis.com/v2/projects/kitrello/locations/us-central1/operations/operation-1783300504564-655e7011a31b9-b3f401f3-b74be8c5 {"name":"projects/kitrello/locations/us-central1/operations/operation-1783300504564-655e7011a31b9-b3f401f3-b74be8c5","metadata":{"@type":"type.googleapis.com/google.cloud.functions.v2.OperationMetadata","createTime":"2026-07-06T01:15:05.576842517Z","target":"projects/kitrello/locations/us-central1/functions/onTareaFinalized","verb":"update","cancelRequested":false,"apiVersion":"v2","requestResource":{"@type":"type.googleapis.com/google.cloud.functions.v2.Function","name":"projects/kitrello/locations/us-central1/functions/onTareaFinalized","buildConfig":{"runtime":"nodejs20","entryPoint":"onTareaFinalized","source":{"storageSource":{"bucket":"gcf-v2-sources-735406023118-us-central1","object":"onTareaFinalized/function-source.zip","generation":"1783300505509116"}},"environmentVariables":{"GOOGLE_NODE_RUN_SCRIPTS":""},"dockerRepository":"projects/kitrello/locations/us-central1/repositories/gcf-artifacts","sourceProvenance":{"resolvedStorageSource":{"bucket":"gcf-v2-sources-735406023118-us-central1","object":"onTareaFinalized/function-source.zip","generation":"1783296276750608"}},"dockerRegistry":"ARTIFACT_REGISTRY","serviceAccount":"projects/kitrello/serviceAccounts/735406023118-compute@developer.gserviceaccount.com","automaticUpdatePolicy":{}},"serviceConfig":{"service":"projects/kitrello/locations/us-central1/services/ontareafinalized","timeoutSeconds":60,"environmentVariables":{"FIREBASE_CONFIG":"{\"projectId\":\"kitrello\",\"databaseURL\":\"https://kitrello-default-rtdb.firebaseio.com\",\"storageBucket\":\"kitrello.firebasestorage.app\"}","GCLOUD_PROJECT":"kitrello","EVENTARC_CLOUD_EVENT_SOURCE":"projects/kitrello/locations/us-central1/services/onTareaFinalized","FUNCTION_SIGNATURE_TYPE":"cloudevent","FUNCTION_TARGET":"onTareaFinalized","LOG_EXECUTION_ID":"true"},"ingressSettings":"ALLOW_ALL","uri":"https://ontareafinalized-h5nnyhq22a-uc.a.run.app","serviceAccountEmail":"735406023118-compute@developer.gserviceaccount.com","availableMemory":"256Mi","allTrafficOnLatestRevision":true,"secretEnvironmentVariables":[{"key":"NOTIFICATION_WEBHOOK_URL","projectId":"kitrello","secret":"NOTIFICATION_WEBHOOK_URL","version":"1"},{"key":"NOTIFICATION_WEBHOOK_SECRET","projectId":"kitrello","secret":"NOTIFICATION_WEBHOOK_SECRET","version":"1"}],"revision":"ontareafinalized-00009-bef","maxInstanceRequestConcurrency":80,"availableCpu":"1"},"eventTrigger":{"trigger":"projects/kitrello/locations/nam5/triggers/ontareafinalized-657791","triggerRegion":"nam5","eventType":"google.cloud.firestore.document.v1.written","eventFilters":[{"attribute":"database","value":"(default)"},{"attribute":"namespace","value":"(default)"},{"attribute":"document","value":"boards/{boardId}/lists/{listId}/tareas/{tareaId}","operator":"match-path-pattern"}],"pubsubTopic":"projects/kitrello/topics/eventarc-nam5-ontareafinalized-657791-553","serviceAccountEmail":"735406023118-compute@developer.gserviceaccount.com","retryPolicy":"RETRY_POLICY_DO_NOT_RETRY"},"state":"ACTIVE","labels":{"deployment-tool":"cli-firebase","firebase-functions-hash":"01a8fb01189c8be2f15985bf8be4b36d4e9efb1f"},"environment":"GEN_2","url":"https://us-central1-kitrello.cloudfunctions.net/onTareaFinalized","satisfiesPzi":true},"stages":[{"name":"BUILD","message":"Creating build","state":"IN_PROGRESS","resource":"projects/735406023118/locations/us-central1/builds/80993e9f-f8f4-43e8-926a-3a3e1f06b0aa","resourceUri":"https://console.cloud.google.com/cloud-build/builds;region=us-central1/80993e9f-f8f4-43e8-926a-3a3e1f06b0aa?project=735406023118"},{"name":"SERVICE","state":"NOT_STARTED"},{"name":"TRIGGER","state":"NOT_STARTED"}],"operationType":"UPDATE_FUNCTION","buildName":"projects/735406023118/locations/us-central1/builds/80993e9f-f8f4-43e8-926a-3a3e1f06b0aa"},"done":false}
[debug] [2026-07-06T01:15:07.754Z] [update-default-us-central1-onTareaFinalized] Retrying task index 0
[debug] [2026-07-06T01:15:07.754Z] Checked if tokens are valid: true, expires at: 1783304103232
[debug] [2026-07-06T01:15:07.755Z] Checked if tokens are valid: true, expires at: 1783304103232
[debug] [2026-07-06T01:15:07.755Z] >>> [apiv2][query] GET https://cloudfunctions.googleapis.com/v2/projects/kitrello/locations/us-central1/operations/operation-1783300504564-655e7011a31b9-b3f401f3-b74be8c5 [none]
[debug] [2026-07-06T01:15:08.719Z] <<< [apiv2][status] GET https://cloudfunctions.googleapis.com/v2/projects/kitrello/locations/us-central1/operations/operation-1783300504564-655e7011a31b9-b3f401f3-b74be8c5 200
[debug] [2026-07-06T01:15:08.719Z] <<< [apiv2][body] GET https://cloudfunctions.googleapis.com/v2/projects/kitrello/locations/us-central1/operations/operation-1783300504564-655e7011a31b9-b3f401f3-b74be8c5 {"name":"projects/kitrello/locations/us-central1/operations/operation-1783300504564-655e7011a31b9-b3f401f3-b74be8c5","metadata":{"@type":"type.googleapis.com/google.cloud.functions.v2.OperationMetadata","createTime":"2026-07-06T01:15:05.576842517Z","target":"projects/kitrello/locations/us-central1/functions/onTareaFinalized","verb":"update","cancelRequested":false,"apiVersion":"v2","requestResource":{"@type":"type.googleapis.com/google.cloud.functions.v2.Function","name":"projects/kitrello/locations/us-central1/functions/onTareaFinalized","buildConfig":{"runtime":"nodejs20","entryPoint":"onTareaFinalized","source":{"storageSource":{"bucket":"gcf-v2-sources-735406023118-us-central1","object":"onTareaFinalized/function-source.zip","generation":"1783300505509116"}},"environmentVariables":{"GOOGLE_NODE_RUN_SCRIPTS":""},"dockerRepository":"projects/kitrello/locations/us-central1/repositories/gcf-artifacts","sourceProvenance":{"resolvedStorageSource":{"bucket":"gcf-v2-sources-735406023118-us-central1","object":"onTareaFinalized/function-source.zip","generation":"1783296276750608"}},"dockerRegistry":"ARTIFACT_REGISTRY","serviceAccount":"projects/kitrello/serviceAccounts/735406023118-compute@developer.gserviceaccount.com","automaticUpdatePolicy":{}},"serviceConfig":{"service":"projects/kitrello/locations/us-central1/services/ontareafinalized","timeoutSeconds":60,"environmentVariables":{"FIREBASE_CONFIG":"{\"projectId\":\"kitrello\",\"databaseURL\":\"https://kitrello-default-rtdb.firebaseio.com\",\"storageBucket\":\"kitrello.firebasestorage.app\"}","GCLOUD_PROJECT":"kitrello","EVENTARC_CLOUD_EVENT_SOURCE":"projects/kitrello/locations/us-central1/services/onTareaFinalized","FUNCTION_SIGNATURE_TYPE":"cloudevent","FUNCTION_TARGET":"onTareaFinalized","LOG_EXECUTION_ID":"true"},"ingressSettings":"ALLOW_ALL","uri":"https://ontareafinalized-h5nnyhq22a-uc.a.run.app","serviceAccountEmail":"735406023118-compute@developer.gserviceaccount.com","availableMemory":"256Mi","allTrafficOnLatestRevision":true,"secretEnvironmentVariables":[{"key":"NOTIFICATION_WEBHOOK_URL","projectId":"kitrello","secret":"NOTIFICATION_WEBHOOK_URL","version":"1"},{"key":"NOTIFICATION_WEBHOOK_SECRET","projectId":"kitrello","secret":"NOTIFICATION_WEBHOOK_SECRET","version":"1"}],"revision":"ontareafinalized-00009-bef","maxInstanceRequestConcurrency":80,"availableCpu":"1"},"eventTrigger":{"trigger":"projects/kitrello/locations/nam5/triggers/ontareafinalized-657791","triggerRegion":"nam5","eventType":"google.cloud.firestore.document.v1.written","eventFilters":[{"attribute":"database","value":"(default)"},{"attribute":"namespace","value":"(default)"},{"attribute":"document","value":"boards/{boardId}/lists/{listId}/tareas/{tareaId}","operator":"match-path-pattern"}],"pubsubTopic":"projects/kitrello/topics/eventarc-nam5-ontareafinalized-657791-553","serviceAccountEmail":"735406023118-compute@developer.gserviceaccount.com","retryPolicy":"RETRY_POLICY_DO_NOT_RETRY"},"state":"ACTIVE","labels":{"deployment-tool":"cli-firebase","firebase-functions-hash":"01a8fb01189c8be2f15985bf8be4b36d4e9efb1f"},"environment":"GEN_2","url":"https://us-central1-kitrello.cloudfunctions.net/onTareaFinalized","satisfiesPzi":true},"stages":[{"name":"BUILD","message":"Build in progress","state":"IN_PROGRESS","resource":"projects/735406023118/locations/us-central1/builds/80993e9f-f8f4-43e8-926a-3a3e1f06b0aa","resourceUri":"https://console.cloud.google.com/cloud-build/builds;region=us-central1/80993e9f-f8f4-43e8-926a-3a3e1f06b0aa?project=735406023118"},{"name":"SERVICE","state":"NOT_STARTED"},{"name":"TRIGGER","state":"NOT_STARTED"}],"operationType":"UPDATE_FUNCTION","buildName":"projects/735406023118/locations/us-central1/builds/80993e9f-f8f4-43e8-926a-3a3e1f06b0aa"},"done":false}
